<?xml version="1.0" encoding="UTF-8"?>
<!-- Generated by org.testng.reporters.JUnitReportReporter -->
<testsuite hostname="DESKTOP-4RLTBVH" name="com.hrms.groups.TC_S02" tests="3" failures="0" timestamp="7 Aug 2019 18:34:43 GMT" time="0.048" errors="0">
  <testcase name="meth3" time="0.016" classname="com.hrms.groups.TC_S02"/>
  <testcase name="meth1" time="0.016" classname="com.hrms.groups.TC_S02"/>
  <testcase name="meth2" time="0.016" classname="com.hrms.groups.TC_S02"/>
</testsuite> <!-- com.hrms.groups.TC_S02 -->
