<?xml version="1.0" encoding="UTF-8"?>
<!-- Generated by org.testng.reporters.JUnitReportReporter -->
<testsuite hostname="DESKTOP-4RLTBVH" name="testng_ex.Ex_01" tests="2" failures="0" timestamp="3 Aug 2019 17:44:35 GMT" time="0.016" errors="0">
  <testcase name="addemp" time="0.016" classname="testng_ex.Ex_01"/>
  <testcase name="delemp" time="0.000" classname="testng_ex.Ex_01"/>
</testsuite> <!-- testng_ex.Ex_01 -->
