<?xml version="1.0" encoding="UTF-8"?>
<!-- Generated by org.testng.reporters.JUnitReportReporter -->
<testsuite hostname="DESKTOP-4RLTBVH" name="testng_ex.Ex_02" tests="2" failures="0" timestamp="3 Aug 2019 17:30:10 GMT" time="0.045" errors="0">
  <testcase name="closeApplication" time="0.025" classname="testng_ex.Ex_02"/>
  <testcase name="addEmp" time="0.020" classname="testng_ex.Ex_02"/>
</testsuite> <!-- testng_ex.Ex_02 -->
